2018-06-20 09:03:13 Error: [RuntimeException] Unknown command `cake stop`. Run `cake --help` to get the list of valid commands. in /var/www/html/labs/cake/myPj/vendor/cakephp/cakephp/src/Console/CommandRunner.php on line 321
Stack Trace:
#0 /var/www/html/labs/cake/myPj/vendor/cakephp/cakephp/src/Console/CommandRunner.php(159): Cake\Console\CommandRunner->resolveName(Object(Cake\Console\CommandCollection), Object(Cake\Console\ConsoleIo), 'stop')
#1 /var/www/html/labs/cake/myPj/bin/cake.php(12): Cake\Console\CommandRunner->run(Array)
#2 {main}


2018-06-20 09:51:11 Error: [Cake\Database\Exception] SQLSTATE[42S02]: Base table or view not found: 1146 Table 'cake_mini.cities' doesn't exist in /var/www/html/labs/cake/myPj/vendor/cakephp/cakephp/src/Database/Schema/Collection.php on line 131
Stack Trace:
#0 /var/www/html/labs/cake/myPj/vendor/cakephp/cakephp/src/Database/Schema/Collection.php(97): Cake\Database\Schema\Collection->_reflect('Column', 'cities', Array, Object(Cake\Database\Schema\TableSchema))
#1 /var/www/html/labs/cake/myPj/vendor/cakephp/cakephp/src/Database/Schema/CachedCollection.php(63): Cake\Database\Schema\Collection->describe('cities', Array)
#2 /var/www/html/labs/cake/myPj/vendor/cakephp/cakephp/src/ORM/Table.php(548): Cake\Database\Schema\CachedCollection->describe('cities')
#3 /var/www/html/labs/cake/myPj/vendor/cakephp/cakephp/src/ORM/Table.php(673): Cake\ORM\Table->getSchema()
#4 /var/www/html/labs/cake/myPj/vendor/cakephp/bake/src/Shell/Task/ModelTask.php(220): Cake\ORM\Table->getPrimaryKey()
#5 /var/www/html/labs/cake/myPj/vendor/cakephp/bake/src/Shell/Task/ModelTask.php(130): Bake\Shell\Task\ModelTask->getAssociations(Object(Cake\ORM\Table))
#6 /var/www/html/labs/cake/myPj/vendor/cakephp/bake/src/Shell/Task/ModelTask.php(113): Bake\Shell\Task\ModelTask->getTableContext(Object(Cake\ORM\Table), 'cities', 'Cities')
#7 /var/www/html/labs/cake/myPj/vendor/cakephp/bake/src/Shell/Task/ModelTask.php(100): Bake\Shell\Task\ModelTask->bake('Cities')
#8 /var/www/html/labs/cake/myPj/vendor/cakephp/bake/src/Shell/BakeShell.php(272): Bake\Shell\Task\ModelTask->main('Cities')
#9 /var/www/html/labs/cake/myPj/vendor/cakephp/cakephp/src/Collection/CollectionTrait.php(51): Bake\Shell\BakeShell->Bake\Shell\{closure}('Cities', 0)
#10 /var/www/html/labs/cake/myPj/vendor/cakephp/bake/src/Shell/BakeShell.php(273): Cake\Collection\Collection->each(Object(Closure))
#11 /var/www/html/labs/cake/myPj/vendor/cakephp/cakephp/src/Console/Shell.php(518): Bake\Shell\BakeShell->all('cities')
#12 /var/www/html/labs/cake/myPj/vendor/cakephp/cakephp/src/Console/CommandRunner.php(342): Cake\Console\Shell->runCommand(Array, true)
#13 /var/www/html/labs/cake/myPj/vendor/cakephp/cakephp/src/Console/CommandRunner.php(164): Cake\Console\CommandRunner->runShell(Object(Bake\Shell\BakeShell), Array)
#14 /var/www/html/labs/cake/myPj/bin/cake.php(12): Cake\Console\CommandRunner->run(Array)
#15 {main}


